============================= test session starts ==============================
platform linux -- Python 3.11.11, pytest-8.3.4, pluggy-1.5.0 -- /usr/local/bin/python3.11
cachedir: .pytest_cache
rootdir: /app
collecting ... collected 4 items

tests/test_app_pytest.py::test_add PASSED                                [ 25%]
tests/test_app_pytest.py::test_multiply PASSED                           [ 50%]
tests/test_app_pytest.py::test_add_2 PASSED                              [ 75%]
tests/test_app_pytest.py::test_multiply_2 PASSED                         [100%]

------- generated xml file: /app/results/raw/pytest_20250127_132650.xml --------
============================== 4 passed in 0.15s ===============================
