<?xml version="1.0" encoding="utf-8"?><testsuites><testsuite name="pytest" errors="0" failures="0" skipped="0" tests="4" time="0.134" timestamp="2025-01-27T13:26:50.801526+00:00" hostname="961d28402dbf"><testcase classname="tests.test_app_pytest" name="test_add" time="0.017" /><testcase classname="tests.test_app_pytest" name="test_multiply" time="0.016" /><testcase classname="tests.test_app_pytest" name="test_add_2" time="0.021" /><testcase classname="tests.test_app_pytest" name="test_multiply_2" time="0.021" /></testsuite></testsuites>